[0.005s] Invoking command in '/home/wl/exp1_ws/build/visualize': CMAKE_PREFIX_PATH=${CMAKE_PREFIX_PATH}:/opt/ros/humble /usr/bin/cmake --build /home/wl/exp1_ws/build/visualize -- -j24 -l24
[0.033s] Invoked command in '/home/wl/exp1_ws/build/visualize' returned '0': CMAKE_PREFIX_PATH=${CMAKE_PREFIX_PATH}:/opt/ros/humble /usr/bin/cmake --build /home/wl/exp1_ws/build/visualize -- -j24 -l24
[0.043s] Invoking command in '/home/wl/exp1_ws/build/visualize': CMAKE_PREFIX_PATH=${CMAKE_PREFIX_PATH}:/opt/ros/humble /usr/bin/cmake --install /home/wl/exp1_ws/build/visualize
[0.054s] -- Install configuration: ""
[0.054s] -- Up-to-date: /home/wl/exp1_ws/install/visualize/share/ament_index/resource_index/package_run_dependencies/visualize
[0.055s] -- Up-to-date: /home/wl/exp1_ws/install/visualize/share/ament_index/resource_index/parent_prefix_path/visualize
[0.056s] -- Up-to-date: /home/wl/exp1_ws/install/visualize/share/visualize/environment/ament_prefix_path.sh
[0.056s] -- Up-to-date: /home/wl/exp1_ws/install/visualize/share/visualize/environment/ament_prefix_path.dsv
[0.056s] -- Up-to-date: /home/wl/exp1_ws/install/visualize/share/visualize/environment/path.sh
[0.056s] -- Up-to-date: /home/wl/exp1_ws/install/visualize/share/visualize/environment/path.dsv
[0.056s] -- Up-to-date: /home/wl/exp1_ws/install/visualize/share/visualize/local_setup.bash
[0.057s] -- Up-to-date: /home/wl/exp1_ws/install/visualize/share/visualize/local_setup.sh
[0.057s] -- Up-to-date: /home/wl/exp1_ws/install/visualize/share/visualize/local_setup.zsh
[0.057s] -- Up-to-date: /home/wl/exp1_ws/install/visualize/share/visualize/local_setup.dsv
[0.057s] -- Up-to-date: /home/wl/exp1_ws/install/visualize/share/visualize/package.dsv
[0.058s] -- Up-to-date: /home/wl/exp1_ws/install/visualize/share/ament_index/resource_index/packages/visualize
[0.058s] -- Up-to-date: /home/wl/exp1_ws/install/visualize/share/visualize/cmake/visualizeConfig.cmake
[0.058s] -- Up-to-date: /home/wl/exp1_ws/install/visualize/share/visualize/cmake/visualizeConfig-version.cmake
[0.059s] -- Up-to-date: /home/wl/exp1_ws/install/visualize/share/visualize/package.xml
[0.059s] -- Up-to-date: /home/wl/exp1_ws/install/visualize/share/visualize/launch
[0.060s] -- Up-to-date: /home/wl/exp1_ws/install/visualize/share/visualize/launch/rviz_vis.launch.py
[0.060s] -- Up-to-date: /home/wl/exp1_ws/install/visualize/share/visualize/robot_description
[0.060s] -- Up-to-date: /home/wl/exp1_ws/install/visualize/share/visualize/robot_description/ur3
[0.060s] -- Up-to-date: /home/wl/exp1_ws/install/visualize/share/visualize/robot_description/ur3/ur3.xacro
[0.060s] -- Up-to-date: /home/wl/exp1_ws/install/visualize/share/visualize/robot_description/ur3/meshes
[0.060s] -- Up-to-date: /home/wl/exp1_ws/install/visualize/share/visualize/robot_description/ur3/meshes/collision
[0.060s] -- Up-to-date: /home/wl/exp1_ws/install/visualize/share/visualize/robot_description/ur3/meshes/collision/shoulder.stl
[0.061s] -- Up-to-date: /home/wl/exp1_ws/install/visualize/share/visualize/robot_description/ur3/meshes/collision/wrist3.stl
[0.061s] -- Up-to-date: /home/wl/exp1_ws/install/visualize/share/visualize/robot_description/ur3/meshes/collision/upperarm.stl
[0.061s] -- Up-to-date: /home/wl/exp1_ws/install/visualize/share/visualize/robot_description/ur3/meshes/collision/wrist1.stl
[0.061s] -- Up-to-date: /home/wl/exp1_ws/install/visualize/share/visualize/robot_description/ur3/meshes/collision/forearm.stl
[0.061s] -- Up-to-date: /home/wl/exp1_ws/install/visualize/share/visualize/robot_description/ur3/meshes/collision/wrist2.stl
[0.062s] -- Up-to-date: /home/wl/exp1_ws/install/visualize/share/visualize/robot_description/ur3/meshes/collision/base.stl
[0.062s] -- Up-to-date: /home/wl/exp1_ws/install/visualize/share/visualize/robot_description/ur3/meshes/visual
[0.063s] -- Up-to-date: /home/wl/exp1_ws/install/visualize/share/visualize/robot_description/ur3/meshes/visual/base.dae
[0.063s] -- Up-to-date: /home/wl/exp1_ws/install/visualize/share/visualize/robot_description/ur3/meshes/visual/shoulder.dae
[0.063s] -- Up-to-date: /home/wl/exp1_ws/install/visualize/share/visualize/robot_description/ur3/meshes/visual/upperarm.dae
[0.064s] -- Up-to-date: /home/wl/exp1_ws/install/visualize/share/visualize/robot_description/ur3/meshes/visual/forearm.dae
[0.064s] -- Up-to-date: /home/wl/exp1_ws/install/visualize/share/visualize/robot_description/ur3/meshes/visual/wrist2.dae
[0.064s] -- Up-to-date: /home/wl/exp1_ws/install/visualize/share/visualize/robot_description/ur3/meshes/visual/wrist1.dae
[0.064s] -- Up-to-date: /home/wl/exp1_ws/install/visualize/share/visualize/robot_description/ur3/meshes/visual/wrist3.dae
[0.064s] -- Installing: /home/wl/exp1_ws/install/visualize/lib/visualize/rviz_visualize.py
[0.065s] Invoked command in '/home/wl/exp1_ws/build/visualize' returned '0': CMAKE_PREFIX_PATH=${CMAKE_PREFIX_PATH}:/opt/ros/humble /usr/bin/cmake --install /home/wl/exp1_ws/build/visualize
