[0.007s] Invoking command in '/home/wl/exp1_ws/build/visualize': CMAKE_PREFIX_PATH=/opt/ros/humble /usr/bin/cmake /home/wl/exp1_ws/src/visualize -DCMAKE_INSTALL_PREFIX=/home/wl/exp1_ws/install/visualize
[0.184s] -- The C compiler identification is GNU 11.4.0
[0.318s] -- The CXX compiler identification is GNU 11.4.0
[0.329s] -- Detecting C compiler ABI info
[0.452s] -- Detecting C compiler ABI info - done
[0.464s] -- Check for working C compiler: /usr/bin/cc - skipped
[0.465s] -- Detecting C compile features
[0.466s] -- Detecting C compile features - done
[0.472s] -- Detecting CXX compiler ABI info
[0.577s] -- Detecting CXX compiler ABI info - done
[0.581s] -- Check for working CXX compiler: /usr/bin/c++ - skipped
[0.581s] -- Detecting CXX compile features
[0.581s] -- Detecting CXX compile features - done
[0.584s] -- Found ament_cmake: 1.3.14 (/opt/ros/humble/share/ament_cmake/cmake)
[0.703s] -- Found Python3: /usr/bin/python3 (found version "3.10.12") found components: Interpreter 
[0.798s] -- Found ament_lint_auto: 0.12.15 (/opt/ros/humble/share/ament_lint_auto/cmake)
[0.846s] -- Added test 'flake8' to check Python code syntax and style conventions
[0.846s] -- Added test 'lint_cmake' to check CMake code style
[0.846s] -- Added test 'pep257' to check Python code against some of the docstring style conventions in PEP 257
[0.847s] -- Added test 'xmllint' to check XML markup files
[0.850s] -- Found rclcpp: 16.0.19 (/opt/ros/humble/share/rclcpp/cmake)
[0.882s] -- Found rosidl_generator_c: 3.1.8 (/opt/ros/humble/share/rosidl_generator_c/cmake)
[0.886s] -- Found rosidl_adapter: 3.1.8 (/opt/ros/humble/share/rosidl_adapter/cmake)
[0.893s] -- Found rosidl_generator_cpp: 3.1.8 (/opt/ros/humble/share/rosidl_generator_cpp/cmake)
[0.902s] -- Using all available rosidl_typesupport_c: rosidl_typesupport_fastrtps_c;rosidl_typesupport_introspection_c
[0.914s] -- Using all available rosidl_typesupport_cpp: rosidl_typesupport_fastrtps_cpp;rosidl_typesupport_introspection_cpp
[0.947s] -- Found rmw_implementation_cmake: 6.1.2 (/opt/ros/humble/share/rmw_implementation_cmake/cmake)
[0.949s] -- Found rmw_fastrtps_cpp: 6.2.10 (/opt/ros/humble/share/rmw_fastrtps_cpp/cmake)
[1.080s] -- Found OpenSSL: /usr/lib/x86_64-linux-gnu/libcrypto.so (found version "3.0.2")  
[1.112s] -- Found FastRTPS: /opt/ros/humble/include  
[1.148s] -- Using RMW implementation 'rmw_fastrtps_cpp' as default
[1.169s] -- Looking for pthread.h
[1.295s] -- Looking for pthread.h - found
[1.295s] -- Performing Test CMAKE_HAVE_LIBC_PTHREAD
[1.390s] -- Performing Test CMAKE_HAVE_LIBC_PTHREAD - Success
[1.390s] -- Found Threads: TRUE  
[1.450s] -- Found rclpy: 3.3.21 (/opt/ros/humble/share/rclpy/cmake)
[1.450s] -- Configuring done
[1.452s] -- Generating done
[1.453s] -- Build files have been written to: /home/wl/exp1_ws/build/visualize
[1.458s] Invoked command in '/home/wl/exp1_ws/build/visualize' returned '0': CMAKE_PREFIX_PATH=/opt/ros/humble /usr/bin/cmake /home/wl/exp1_ws/src/visualize -DCMAKE_INSTALL_PREFIX=/home/wl/exp1_ws/install/visualize
[1.459s] Invoking command in '/home/wl/exp1_ws/build/visualize': CMAKE_PREFIX_PATH=/opt/ros/humble /usr/bin/cmake --build /home/wl/exp1_ws/build/visualize -- -j24 -l24
[1.490s] Invoked command in '/home/wl/exp1_ws/build/visualize' returned '0': CMAKE_PREFIX_PATH=/opt/ros/humble /usr/bin/cmake --build /home/wl/exp1_ws/build/visualize -- -j24 -l24
[1.505s] Invoking command in '/home/wl/exp1_ws/build/visualize': CMAKE_PREFIX_PATH=/opt/ros/humble /usr/bin/cmake --install /home/wl/exp1_ws/build/visualize
[1.514s] -- Install configuration: ""
[1.514s] -- Installing: /home/wl/exp1_ws/install/visualize/share/ament_index/resource_index/package_run_dependencies/visualize
[1.515s] -- Installing: /home/wl/exp1_ws/install/visualize/share/ament_index/resource_index/parent_prefix_path/visualize
[1.515s] -- Installing: /home/wl/exp1_ws/install/visualize/share/visualize/environment/ament_prefix_path.sh
[1.515s] -- Installing: /home/wl/exp1_ws/install/visualize/share/visualize/environment/ament_prefix_path.dsv
[1.515s] -- Installing: /home/wl/exp1_ws/install/visualize/share/visualize/environment/path.sh
[1.515s] -- Installing: /home/wl/exp1_ws/install/visualize/share/visualize/environment/path.dsv
[1.515s] -- Installing: /home/wl/exp1_ws/install/visualize/share/visualize/local_setup.bash
[1.515s] -- Installing: /home/wl/exp1_ws/install/visualize/share/visualize/local_setup.sh
[1.515s] -- Installing: /home/wl/exp1_ws/install/visualize/share/visualize/local_setup.zsh
[1.515s] -- Installing: /home/wl/exp1_ws/install/visualize/share/visualize/local_setup.dsv
[1.515s] -- Installing: /home/wl/exp1_ws/install/visualize/share/visualize/package.dsv
[1.515s] -- Installing: /home/wl/exp1_ws/install/visualize/share/ament_index/resource_index/packages/visualize
[1.515s] -- Installing: /home/wl/exp1_ws/install/visualize/share/visualize/cmake/visualizeConfig.cmake
[1.515s] -- Installing: /home/wl/exp1_ws/install/visualize/share/visualize/cmake/visualizeConfig-version.cmake
[1.515s] -- Installing: /home/wl/exp1_ws/install/visualize/share/visualize/package.xml
[1.515s] -- Installing: /home/wl/exp1_ws/install/visualize/share/visualize/launch
[1.515s] -- Installing: /home/wl/exp1_ws/install/visualize/share/visualize/launch/rviz_vis.launch.py
[1.515s] -- Installing: /home/wl/exp1_ws/install/visualize/share/visualize/robot_description
[1.515s] -- Installing: /home/wl/exp1_ws/install/visualize/share/visualize/robot_description/ur3
[1.515s] -- Installing: /home/wl/exp1_ws/install/visualize/share/visualize/robot_description/ur3/ur3.xacro
[1.515s] -- Installing: /home/wl/exp1_ws/install/visualize/share/visualize/robot_description/ur3/meshes
[1.515s] -- Installing: /home/wl/exp1_ws/install/visualize/share/visualize/robot_description/ur3/meshes/collision
[1.515s] -- Installing: /home/wl/exp1_ws/install/visualize/share/visualize/robot_description/ur3/meshes/collision/shoulder.stl
[1.516s] -- Installing: /home/wl/exp1_ws/install/visualize/share/visualize/robot_description/ur3/meshes/collision/wrist3.stl
[1.516s] -- Installing: /home/wl/exp1_ws/install/visualize/share/visualize/robot_description/ur3/meshes/collision/upperarm.stl
[1.516s] -- Installing: /home/wl/exp1_ws/install/visualize/share/visualize/robot_description/ur3/meshes/collision/wrist1.stl
[1.516s] -- Installing: /home/wl/exp1_ws/install/visualize/share/visualize/robot_description/ur3/meshes/collision/forearm.stl
[1.517s] -- Installing: /home/wl/exp1_ws/install/visualize/share/visualize/robot_description/ur3/meshes/collision/wrist2.stl
[1.517s] -- Installing: /home/wl/exp1_ws/install/visualize/share/visualize/robot_description/ur3/meshes/collision/base.stl
[1.518s] -- Installing: /home/wl/exp1_ws/install/visualize/share/visualize/robot_description/ur3/meshes/visual
[1.518s] -- Installing: /home/wl/exp1_ws/install/visualize/share/visualize/robot_description/ur3/meshes/visual/base.dae
[1.519s] -- Installing: /home/wl/exp1_ws/install/visualize/share/visualize/robot_description/ur3/meshes/visual/shoulder.dae
[1.521s] -- Installing: /home/wl/exp1_ws/install/visualize/share/visualize/robot_description/ur3/meshes/visual/upperarm.dae
[1.524s] -- Installing: /home/wl/exp1_ws/install/visualize/share/visualize/robot_description/ur3/meshes/visual/forearm.dae
[1.524s] -- Installing: /home/wl/exp1_ws/install/visualize/share/visualize/robot_description/ur3/meshes/visual/wrist2.dae
[1.525s] -- Installing: /home/wl/exp1_ws/install/visualize/share/visualize/robot_description/ur3/meshes/visual/wrist1.dae
[1.526s] -- Installing: /home/wl/exp1_ws/install/visualize/share/visualize/robot_description/ur3/meshes/visual/wrist3.dae
[1.526s] [31mCMake Error at cmake_install.cmake:112 (file):
[1.526s]   file INSTALL cannot find
[1.526s]   "/home/wl/exp1_ws/src/visualize/scripts/rviz_visualize.py": No such file or
[1.526s]   directory.
[1.526s] 
[1.526s] [0m
[1.527s] Invoked command in '/home/wl/exp1_ws/build/visualize' returned '1': CMAKE_PREFIX_PATH=/opt/ros/humble /usr/bin/cmake --install /home/wl/exp1_ws/build/visualize
