-- Install configuration: ""
-- Up-to-date: /home/wl/exp1_ws/install/visualize/share/ament_index/resource_index/package_run_dependencies/visualize
-- Up-to-date: /home/wl/exp1_ws/install/visualize/share/ament_index/resource_index/parent_prefix_path/visualize
-- Up-to-date: /home/wl/exp1_ws/install/visualize/share/visualize/environment/ament_prefix_path.sh
-- Up-to-date: /home/wl/exp1_ws/install/visualize/share/visualize/environment/ament_prefix_path.dsv
-- Up-to-date: /home/wl/exp1_ws/install/visualize/share/visualize/environment/path.sh
-- Up-to-date: /home/wl/exp1_ws/install/visualize/share/visualize/environment/path.dsv
-- Up-to-date: /home/wl/exp1_ws/install/visualize/share/visualize/local_setup.bash
-- Up-to-date: /home/wl/exp1_ws/install/visualize/share/visualize/local_setup.sh
-- Up-to-date: /home/wl/exp1_ws/install/visualize/share/visualize/local_setup.zsh
-- Up-to-date: /home/wl/exp1_ws/install/visualize/share/visualize/local_setup.dsv
-- Installing: /home/wl/exp1_ws/install/visualize/share/visualize/package.dsv
-- Up-to-date: /home/wl/exp1_ws/install/visualize/share/ament_index/resource_index/packages/visualize
-- Up-to-date: /home/wl/exp1_ws/install/visualize/share/visualize/cmake/visualizeConfig.cmake
-- Up-to-date: /home/wl/exp1_ws/install/visualize/share/visualize/cmake/visualizeConfig-version.cmake
-- Up-to-date: /home/wl/exp1_ws/install/visualize/share/visualize/package.xml
-- Up-to-date: /home/wl/exp1_ws/install/visualize/share/visualize/launch
-- Up-to-date: /home/wl/exp1_ws/install/visualize/share/visualize/launch/rviz_vis.launch.py
-- Up-to-date: /home/wl/exp1_ws/install/visualize/share/visualize/robot_description
-- Up-to-date: /home/wl/exp1_ws/install/visualize/share/visualize/robot_description/ur3
-- Up-to-date: /home/wl/exp1_ws/install/visualize/share/visualize/robot_description/ur3/ur3.xacro
-- Up-to-date: /home/wl/exp1_ws/install/visualize/share/visualize/robot_description/ur3/meshes
-- Up-to-date: /home/wl/exp1_ws/install/visualize/share/visualize/robot_description/ur3/meshes/collision
-- Up-to-date: /home/wl/exp1_ws/install/visualize/share/visualize/robot_description/ur3/meshes/collision/shoulder.stl
-- Up-to-date: /home/wl/exp1_ws/install/visualize/share/visualize/robot_description/ur3/meshes/collision/wrist3.stl
-- Up-to-date: /home/wl/exp1_ws/install/visualize/share/visualize/robot_description/ur3/meshes/collision/upperarm.stl
-- Up-to-date: /home/wl/exp1_ws/install/visualize/share/visualize/robot_description/ur3/meshes/collision/wrist1.stl
-- Up-to-date: /home/wl/exp1_ws/install/visualize/share/visualize/robot_description/ur3/meshes/collision/forearm.stl
-- Up-to-date: /home/wl/exp1_ws/install/visualize/share/visualize/robot_description/ur3/meshes/collision/wrist2.stl
-- Up-to-date: /home/wl/exp1_ws/install/visualize/share/visualize/robot_description/ur3/meshes/collision/base.stl
-- Up-to-date: /home/wl/exp1_ws/install/visualize/share/visualize/robot_description/ur3/meshes/visual
-- Up-to-date: /home/wl/exp1_ws/install/visualize/share/visualize/robot_description/ur3/meshes/visual/base.dae
-- Up-to-date: /home/wl/exp1_ws/install/visualize/share/visualize/robot_description/ur3/meshes/visual/shoulder.dae
-- Up-to-date: /home/wl/exp1_ws/install/visualize/share/visualize/robot_description/ur3/meshes/visual/upperarm.dae
-- Up-to-date: /home/wl/exp1_ws/install/visualize/share/visualize/robot_description/ur3/meshes/visual/forearm.dae
-- Up-to-date: /home/wl/exp1_ws/install/visualize/share/visualize/robot_description/ur3/meshes/visual/wrist2.dae
-- Up-to-date: /home/wl/exp1_ws/install/visualize/share/visualize/robot_description/ur3/meshes/visual/wrist1.dae
-- Up-to-date: /home/wl/exp1_ws/install/visualize/share/visualize/robot_description/ur3/meshes/visual/wrist3.dae
-- Installing: /home/wl/exp1_ws/install/visualize/lib/visualize/rviz_visualize.py
